Inserted [object HTMLInputElement] = kN8J075O into database.
Inserted [object HTMLInputElement] = BU0dzN5m into database.
Inserted [object HTMLInputElement] = E687vzj8 into database.
Inserted www.f1.com = 8yRkwAok into database.
Inserted g1 = g2yL13EZ into database.
Inserted 12 = BlOqGXoI into database.
Inserted 12 = 6Yy0awoU into database.
Inserted 12 = k3BaFMAe into database.
Inserted 23 = V8XTTUID into database.
Inserted espn = n4fgnOLg into database.
Inserted www.golang.com = SwFwqqo5 into database.
Inserted www.erpl.com = 1Omt8qd9 into database.
Inserted www.tret.com = YNeCRby2 into database.
Inserted www.tret.com = hn7zuLet into database.
Inserted www.tret.com = idWOrCXQ into database.
Inserted www.tret.com = 0vp7Gw7Z into database.
Inserted www.rptpt.com = PTM3NDqr into database.
Inserted wsdsd = CqNvOSJ5 into database.
Inserted wsdsd = 1BdOyHWU into database.
Inserted wsdsd = CroZyup8 into database.
Inserted wsdsd = rKR6eIOy into database.
Inserted wsdsd = rkW8pFgr into database.
Inserted wsdsd = drRVcMs4 into database.
Inserted wsdsd = kOGdDUNX into database.
Inserted wsdsd = xnDY3Q7P into database.
Inserted wsdsd = 30HswuCf into database.
Inserted wsdsd = QEeBCcHx into database.
Inserted wsdsd = C5GjFnhK into database.
Inserted wsdsd = 9MTjtRyP into database.
Inserted wsdsd = 7VloCBE7 into database.
Inserted wsdsd = Ju8IyORf into database.
Inserted wsdsd = iWJi254R into database.
Inserted wsdsd = pzyDVTHt into database.
Inserted www.police.com = hNfTeEx9 into database.
Inserted www.apple.com = BTzNk2Hf into database.
Inserted www.epep.com = dGi1vlPU into database.
Inserted wwewe.cosdff.com = I6JJAH3q into database.
Inserted wwewe.cosdff.com = y1u5g4K7 into database.
Inserted wwewe.cosdff.com = Vxtafw5x into database.
Inserted  = 6VTm3aiA into database.
Inserted sa = k6rtFVv2 into database.
Inserted as = 3DTcetAN into database.
Inserted 123 = n7jjKhom into database.
Inserted qw.io = 88JS2r6j into database.
Inserted dasf = My8PSv5h into database.
Inserted fdasdfasd = aNwaYYd8 into database.
Inserted  = yFu7FYOU into database.
Inserted wqeqerwwq = kO3N1HnV into database.
Inserted www.hello.com = jygyJKMa into database.
Inserted www.hello.com = 4Xri922E into database.
Inserted www.hello.com = Map2RV5K into database.
Inserted sads = Rrisv1Rn into database.
Inserted  = ZUdvWGWR into database.
Inserted a = Tsxj8SZp into database.
Inserted 123go.com = cD0x6Nnw into database.
Inserted  = zt88ZrRQ into database.
Inserted 123 = SWPzEWBL into database.
Inserted 1234 = zPN02PsW into database.
Inserted 1234 = YBiIyEMY into database.
Inserted  123 = yrJ1fUwH into database.
Inserted www.hi.com = ftTOtJBY into database.
Inserted undefined = bJlSREH5 into database.
Inserted www.eqs.conm = kVZyA0TL into database.
Inserted kVZyA0TL = HxAgqvgg into database.
Inserted 12 = ZARw3ftI into database.
Inserted 12 = yMfiRArt into database.
Inserted qw = lnubfp7l into database.
Inserted qw = uphS40W5 into database.
Inserted qw = BK5T5WqY into database.
Inserted abcd.com = 31IMA6SB into database.
Inserted qwer = P0pZKK45 into database.
Error connecting to the database.
Error connecting.
Error connecting to the database.
Error connecting.
Error connecting to the database.
Error connecting to the database.
Error connecting to the database.
Error connecting to the database.
Error connecting to the database.
Error connecting to the database.
